<?xml version="1.0" encoding="UTF-8"?>
<!-- Generated by org.testng.reporters.JUnitReportReporter -->
<testsuite hostname="Bhavana" failures="0" tests="2" name="TestNG.Simple" time="2.506" errors="0" timestamp="2023-09-20T10:42:29 IST" skipped="0">
  <testcase classname="TestNG.Simple" name="simple" time="1.178"/>
  <testcase classname="TestNG.Simple" name="simple" time="1.328"/>
</testsuite> <!-- TestNG.Simple -->
