<?xml version="1.0" encoding="UTF-8"?>
<!-- Generated by org.testng.reporters.JUnitReportReporter -->
<testsuite hostname="Bhavana" failures="0" tests="1" name="com.Practice.ReadDataFromCmdTest" time="2.898" errors="0" timestamp="2023-09-06T14:58:38 IST" skipped="0">
  <testcase classname="com.Practice.ReadDataFromCmdTest" name="cmdTest" time="2.898"/>
  <system-out/>
</testsuite> <!-- com.Practice.ReadDataFromCmdTest -->
