<?xml version="1.0" encoding="UTF-8"?>
<!-- Generated by org.testng.reporters.JUnitReportReporter -->
<testsuite hostname="Bhavana" failures="0" tests="2" name="TestNG.DataProviderTest" time="0.006" errors="0" timestamp="2023-09-15T12:50:01 IST" skipped="0">
  <testcase classname="TestNG.DataProviderTest" name="getData" time="0.005"/>
  <system-out/>
  <testcase classname="TestNG.DataProviderTest" name="getData" time="0.001"/>
  <system-out/>
</testsuite> <!-- TestNG.DataProviderTest -->
