<?xml version="1.0" encoding="UTF-8"?>
<!-- Generated by org.testng.reporters.JUnitReportReporter -->
<testsuite hostname="Bhavana" failures="0" tests="4" name="TestNG.DP_getDataTest" time="0.010" errors="0" timestamp="2023-09-15T15:20:02 IST" skipped="0">
  <testcase classname="TestNG.DP_getDataTest" name="getData" time="0.007"/>
  <system-out/>
  <testcase classname="TestNG.DP_getDataTest" name="getData" time="0.001"/>
  <system-out/>
  <testcase classname="TestNG.DP_getDataTest" name="getData" time="0.001"/>
  <system-out/>
  <testcase classname="TestNG.DP_getDataTest" name="getData" time="0.001"/>
  <system-out/>
</testsuite> <!-- TestNG.DP_getDataTest -->
