<?xml version="1.0" encoding="UTF-8"?>
<!-- Generated by org.testng.reporters.JUnitReportReporter -->
<testsuite hostname="Bhavana" failures="0" tests="2" name="TestNG.Sample" time="2.880" errors="0" timestamp="2023-09-20T10:42:29 IST" skipped="0">
  <testcase classname="TestNG.Sample" name="sample" time="1.345"/>
  <testcase classname="TestNG.Sample" name="sample" time="1.535"/>
</testsuite> <!-- TestNG.Sample -->
