<?xml version="1.0" encoding="UTF-8"?>
<!-- Generated by org.testng.reporters.JUnitReportReporter -->
<testsuite hostname="Bhavana" failures="0" tests="6" name="TestNG.DPExecutionTest" time="0.016" errors="0" timestamp="2023-09-15T15:20:54 IST" skipped="0">
  <testcase classname="TestNG.DPExecutionTest" name="getData" time="0.002"/>
  <system-out/>
  <testcase classname="TestNG.DPExecutionTest" name="getData" time="0.001"/>
  <system-out/>
  <testcase classname="TestNG.DPExecutionTest" name="getData" time="0.001"/>
  <system-out/>
  <testcase classname="TestNG.DPExecutionTest" name="getData" time="0.001"/>
  <system-out/>
  <testcase classname="TestNG.DPExecutionTest" name="getData" time="0.001"/>
  <system-out/>
  <testcase classname="TestNG.DPExecutionTest" name="getData" time="0.010"/>
  <system-out/>
</testsuite> <!-- TestNG.DPExecutionTest -->
