<?xml version="1.0" encoding="UTF-8"?>
<!-- Generated by org.testng.reporters.JUnitReportReporter -->
<testsuite hostname="Bhavana" failures="0" tests="1" name="com.POS.PlacingOrderForMultipleProductsPOM" time="4.803" errors="0" timestamp="2023-09-21T13:34:27 IST" skipped="0">
  <testcase classname="com.POS.PlacingOrderForMultipleProductsPOM" name="placingOrderForMultipleProductsPOM" time="4.803">
    <system-out>
      <![CDATA[placingOrderForMultipleProductsPOM--->ExecutionStarts
placingOrderForMultipleProductsPOM---> Testscript executed successfully]]>
    </system-out>
  </testcase> <!-- placingOrderForMultipleProductsPOM -->
  <system-out>
    <![CDATA[supplierRecordCountPOM--->ExecutionStarts
supplierRecordCountPOM--> Skipped
createProductPOM--->ExecutionStarts
createProductPOM---> Testscript executed successfully
placingOrderByCreatingCusPOM--->ExecutionStarts
placingOrderByCreatingCusPOM---> Testscript executed successfully
editInventoryPOM--->ExecutionStarts
editInventoryPOM---> Testscript executed successfully
pOS_PagePOM--->ExecutionStarts
pOS_PagePOM--->Failed
placingOrderForMultipleProductsPOM--->ExecutionStarts
placingOrderForMultipleProductsPOM---> Testscript executed successfully
create_EmployeePOM--->ExecutionStarts
create_EmployeePOM--->Failed]]>
  </system-out>
</testsuite> <!-- com.POS.PlacingOrderForMultipleProductsPOM -->
