<?xml version="1.0" encoding="UTF-8"?>
<!-- Generated by org.testng.reporters.JUnitReportReporter -->
<testsuite hostname="Bhavana" failures="0" tests="4" name="TestNG.AnnotationsTest" time="0.020" errors="0" timestamp="2023-09-15T16:19:06 IST" skipped="0">
  <testcase classname="TestNG.AnnotationsTest" name="createEmployee" time="0.009"/>
  <system-out/>
  <testcase classname="TestNG.AnnotationsTest" name="deleteEmployee" time="0.004"/>
  <system-out/>
  <testcase classname="TestNG.AnnotationsTest" name="editEmployee" time="0.004"/>
  <system-out/>
  <testcase classname="TestNG.AnnotationsTest" name="editEmployee" time="0.003"/>
  <system-out/>
</testsuite> <!-- TestNG.AnnotationsTest -->
