<?xml version="1.0" encoding="UTF-8"?>
<!-- Generated by org.testng.reporters.JUnitReportReporter -->
<testsuite hostname="Bhavana" failures="0" tests="2" name="TestNG.Demo" time="2.392" errors="0" timestamp="2023-09-20T10:42:29 IST" skipped="0">
  <testcase classname="TestNG.Demo" name="demo" time="1.156"/>
  <testcase classname="TestNG.Demo" name="demo" time="1.236"/>
</testsuite> <!-- TestNG.Demo -->
